#
# There is insufficient memory for the Java Runtime Environment to continue.
# Native memory allocation (mmap) failed to map 130023424 bytes for G1 virtual space
# Possible reasons:
#   The system is out of physical RAM or swap space
#   The process is running with CompressedOops enabled, and the Java Heap may be blocking the growth of the native heap
# Possible solutions:
#   Reduce memory load on the system
#   Increase physical memory or swap space
#   Check if swap backing store is full
#   Decrease Java heap size (-Xmx/-Xms)
#   Decrease number of Java threads
#   Decrease Java thread stack sizes (-Xss)
#   Set larger code cache with -XX:ReservedCodeCacheSize=
#   JVM is running with Unscaled Compressed Oops mode in which the Java heap is
#     placed in the first 4GB address space. The Java Heap base address is the
#     maximum limit for the native heap growth. Please use -XX:HeapBaseMinAddress
#     to set the Java Heap base and to place the Java Heap above 4GB virtual address.
# This output file may be truncated or incomplete.
#
#  Out of Memory Error (os_windows.cpp:3550), pid=20988, tid=15456
#
# JRE version:  (17.0.6+9) (build )
# Java VM: Java HotSpot(TM) 64-Bit Server VM (17.0.6+9-LTS-190, mixed mode, sharing, tiered, compressed oops, compressed class ptrs, g1 gc, windows-amd64)
# No core dump will be written. Minidumps are not enabled by default on client versions of Windows
#

---------------  S U M M A R Y ------------

Command Line: -Dfile.encoding=UTF-8 --module-path=C:\Users\Damian\Documents\NetBeansProjects\Bank Management System\build\classes bank.management.system.Transactions

Host: 11th Gen Intel(R) Core(TM) i5-11400H @ 2.70GHz, 12 cores, 7G,  Windows 11 , 64 bit Build 22621 (10.0.22621.1344)
Time: Mon Apr  3 04:15:47 2023 India Standard Time elapsed time: 0.009344 seconds (0d 0h 0m 0s)

---------------  T H R E A D  ---------------

Current thread (0x000002327f9eb3a0):  JavaThread "Unknown thread" [_thread_in_vm, id=15456, stack(0x000000fc63a00000,0x000000fc63b00000)]

Stack: [0x000000fc63a00000,0x000000fc63b00000]
Native frames: (J=compiled Java code, j=interpreted, Vv=VM code, C=native code)
V  [jvm.dll+0x6734ea]
V  [jvm.dll+0x7d18f4]
V  [jvm.dll+0x7d309e]
V  [jvm.dll+0x7d3703]
V  [jvm.dll+0x2433c5]
V  [jvm.dll+0x6703f9]
V  [jvm.dll+0x664d32]
V  [jvm.dll+0x300086]
V  [jvm.dll+0x307606]
V  [jvm.dll+0x356c1e]
V  [jvm.dll+0x356e4f]
V  [jvm.dll+0x2d72e8]
V  [jvm.dll+0x2d8254]
V  [jvm.dll+0x7a33b1]
V  [jvm.dll+0x3647f1]
V  [jvm.dll+0x782839]
V  [jvm.dll+0x3e757f]
V  [jvm.dll+0x3e9001]
C  [jli.dll+0x5297]
C  [ucrtbase.dll+0x29363]
C  [KERNEL32.DLL+0x126bd]
C  [ntdll.dll+0x5a9f8]


---------------  P R O C E S S  ---------------

Threads class SMR info:
_java_thread_list=0x00007ff84e00e958, length=0, elements={
}

Java Threads: ( => current thread )

Other Threads:
  0x000002327fa43c60 GCTaskThread "GC Thread#0" [stack: 0x000000fc63b00000,0x000000fc63c00000] [id=26848]
  0x000002327fa53f60 ConcurrentGCThread "G1 Main Marker" [stack: 0x000000fc63c00000,0x000000fc63d00000] [id=23808]
  0x000002327fa54870 ConcurrentGCThread "G1 Conc#0" [stack: 0x000000fc63d00000,0x000000fc63e00000] [id=19284]

[error occurred during error reporting (printing all threads), id 0xc0000005, EXCEPTION_ACCESS_VIOLATION (0xc0000005) at pc=0x00007ff84d847f07]

VM state: not at safepoint (not fully initialized)

VM Mutex/Monitor currently owned by a thread:  ([mutex/lock_event])
[0x000002327f9e6da0] Heap_lock - owner thread: 0x000002327f9eb3a0

Heap address: 0x0000000085a00000, size: 1958 MB, Compressed Oops mode: 32-bit

CDS archive(s) mapped at: [0x0000000000000000-0x0000000000000000-0x0000000000000000), size 0, SharedBaseAddress: 0x0000000800000000, ArchiveRelocationMode: 0.
Narrow klass base: 0x0000000000000000, Narrow klass shift: 0, Narrow klass range: 0x0

GC Precious Log:
<Empty>

Heap:
 garbage-first heap   total 0K, used 0K [0x0000000085a00000, 0x0000000100000000)
  region size 1024K, 0 young (0K), 0 survivors (0K)

[error occurred during error reporting (printing heap information), id 0xc0000005, EXCEPTION_ACCESS_VIOLATION (0xc0000005) at pc=0x00007ff84dc2c759]

GC Heap History (0 events):
No events

Deoptimization events (0 events):
No events

Classes unloaded (0 events):
No events

Classes redefined (0 events):
No events

Internal exceptions (0 events):
No events

VM Operations (0 events):
No events

Events (1 events):
Event: 0.006 Loaded shared library C:\Program Files\Java\jdk-17\bin\java.dll


Dynamic libraries:
0x00007ff67d730000 - 0x00007ff67d740000 	C:\Program Files\Java\jdk-17\bin\java.exe
0x00007ff8d6e50000 - 0x00007ff8d7064000 	C:\WINDOWS\SYSTEM32\ntdll.dll
0x00007ff8d4ed0000 - 0x00007ff8d4f93000 	C:\WINDOWS\System32\KERNEL32.DLL
0x00007ff8d48c0000 - 0x00007ff8d4c5c000 	C:\WINDOWS\System32\KERNELBASE.dll
0x00007ff8d4560000 - 0x00007ff8d4671000 	C:\WINDOWS\System32\ucrtbase.dll
0x00007ff8b18c0000 - 0x00007ff8b18db000 	C:\Program Files\Java\jdk-17\bin\VCRUNTIME140.dll
0x00007ff8b06b0000 - 0x00007ff8b06c8000 	C:\Program Files\Java\jdk-17\bin\jli.dll
0x00007ff8d4c60000 - 0x00007ff8d4d0e000 	C:\WINDOWS\System32\ADVAPI32.dll
0x00007ff8d50c0000 - 0x00007ff8d5167000 	C:\WINDOWS\System32\msvcrt.dll
0x00007ff8d54e0000 - 0x00007ff8d5584000 	C:\WINDOWS\System32\sechost.dll
0x00007ff8d62a0000 - 0x00007ff8d63b5000 	C:\WINDOWS\System32\RPCRT4.dll
0x00007ff8d4d20000 - 0x00007ff8d4ecd000 	C:\WINDOWS\System32\USER32.dll
0x00007ff8b29c0000 - 0x00007ff8b2c4e000 	C:\WINDOWS\WinSxS\amd64_microsoft.windows.common-controls_6595b64144ccf1df_6.0.22621.608_none_a9444ca7c10bb01d\COMCTL32.dll
0x00007ff8d4470000 - 0x00007ff8d4496000 	C:\WINDOWS\System32\win32u.dll
0x00007ff8d5170000 - 0x00007ff8d5199000 	C:\WINDOWS\System32\GDI32.dll
0x00007ff8d4680000 - 0x00007ff8d4793000 	C:\WINDOWS\System32\gdi32full.dll
0x00007ff8d47a0000 - 0x00007ff8d483a000 	C:\WINDOWS\System32\msvcp_win.dll
0x00007ff8cb450000 - 0x00007ff8cb45a000 	C:\WINDOWS\SYSTEM32\VERSION.dll
0x00007ff8d4fa0000 - 0x00007ff8d4fd1000 	C:\WINDOWS\System32\IMM32.DLL
0x00007ff8bfe40000 - 0x00007ff8bfe4c000 	C:\Program Files\Java\jdk-17\bin\vcruntime140_1.dll
0x00007ff8890a0000 - 0x00007ff88912e000 	C:\Program Files\Java\jdk-17\bin\msvcp140.dll
0x00007ff84d560000 - 0x00007ff84e137000 	C:\Program Files\Java\jdk-17\bin\server\jvm.dll
0x00007ff8d4d10000 - 0x00007ff8d4d18000 	C:\WINDOWS\System32\PSAPI.DLL
0x00007ff8cc9e0000 - 0x00007ff8cc9e9000 	C:\WINDOWS\SYSTEM32\WSOCK32.dll
0x00007ff8caac0000 - 0x00007ff8caaf4000 	C:\WINDOWS\SYSTEM32\WINMM.dll
0x00007ff8d5250000 - 0x00007ff8d52c1000 	C:\WINDOWS\System32\WS2_32.dll
0x00007ff8d3340000 - 0x00007ff8d3358000 	C:\WINDOWS\SYSTEM32\kernel.appcore.dll
0x00007ff8b8140000 - 0x00007ff8b814a000 	C:\Program Files\Java\jdk-17\bin\jimage.dll
0x00007ff8d17e0000 - 0x00007ff8d1a0e000 	C:\WINDOWS\SYSTEM32\DBGHELP.DLL
0x00007ff8d5590000 - 0x00007ff8d5919000 	C:\WINDOWS\System32\combase.dll
0x00007ff8d4fe0000 - 0x00007ff8d50b7000 	C:\WINDOWS\System32\OLEAUT32.dll
0x00007ff8c8c70000 - 0x00007ff8c8ca2000 	C:\WINDOWS\SYSTEM32\dbgcore.DLL
0x00007ff8d4840000 - 0x00007ff8d48bb000 	C:\WINDOWS\System32\bcryptPrimitives.dll
0x00007ff8a3fd0000 - 0x00007ff8a3ff5000 	C:\Program Files\Java\jdk-17\bin\java.dll

dbghelp: loaded successfully - version: 4.0.5 - missing functions: none
symbol engine: initialized successfully - sym options: 0x614 - pdb path: .;C:\Program Files\Java\jdk-17\bin;C:\WINDOWS\SYSTEM32;C:\WINDOWS\WinSxS\amd64_microsoft.windows.common-controls_6595b64144ccf1df_6.0.22621.608_none_a9444ca7c10bb01d;C:\Program Files\Java\jdk-17\bin\server

VM Arguments:
jvm_args: -Dfile.encoding=UTF-8 --module-path=C:\Users\Damian\Documents\NetBeansProjects\Bank Management System\build\classes 
java_command: bank.management.system.Transactions
java_class_path (initial): C:\Users\Damian\Downloads;C:\Users\Damian\Downloads\jcalendar-tz-1.3.3-4.jar;C:\Users\Damian\Downloads\jcalendar-tz-1.3.3-4 (1).jar;C:\Users\Damian\Downloads\mysql-connector-java-8.0.28.jar;C:\Users\Damian\Documents\NetBeansProjects\Bank Management System\build\classes
Launcher Type: SUN_STANDARD

[Global flags]
     intx CICompilerCount                          = 4                                         {product} {ergonomic}
     uint ConcGCThreads                            = 3                                         {product} {ergonomic}
     uint G1ConcRefinementThreads                  = 10                                        {product} {ergonomic}
   size_t G1HeapRegionSize                         = 1048576                                   {product} {ergonomic}
    uintx GCDrainStackTargetSize                   = 64                                        {product} {ergonomic}
   size_t InitialHeapSize                          = 130023424                                 {product} {ergonomic}
   size_t MarkStackSize                            = 4194304                                   {product} {ergonomic}
   size_t MaxHeapSize                              = 2053111808                                {product} {ergonomic}
   size_t MinHeapDeltaBytes                        = 1048576                                   {product} {ergonomic}
   size_t MinHeapSize                              = 8388608                                   {product} {ergonomic}
    uintx NonNMethodCodeHeapSize                   = 5839372                                {pd product} {ergonomic}
    uintx NonProfiledCodeHeapSize                  = 122909434                              {pd product} {ergonomic}
    uintx ProfiledCodeHeapSize                     = 122909434                              {pd product} {ergonomic}
    uintx ReservedCodeCacheSize                    = 251658240                              {pd product} {ergonomic}
     bool SegmentedCodeCache                       = true                                      {product} {ergonomic}
   size_t SoftMaxHeapSize                          = 2053111808                             {manageable} {ergonomic}
     bool UseCompressedClassPointers               = true                           {product lp64_product} {ergonomic}
     bool UseCompressedOops                        = true                           {product lp64_product} {ergonomic}
     bool UseG1GC                                  = true                                      {product} {ergonomic}
     bool UseLargePagesIndividualAllocation        = false                                  {pd product} {ergonomic}

Logging:
Log output configuration:
 #0: stdout all=warning uptime,level,tags
 #1: stderr all=off uptime,level,tags

Environment Variables:
PATH=C:\Program Files\Java\jdk-17\bin;C:\Program Files\Common Files\Oracle\Java\javapath;C:\Program Files (x86)\VMware\VMware Player\bin\;C:\windows\system32;C:\windows;C:\windows\System32\Wbem;C:\windows\System32\WindowsPowerShell\v1.0\;C:\windows\System32\OpenSSH\;C:\Program Files (x86)\NVIDIA Corporation\PhysX\Common;C:\Program Files\NVIDIA Corporation\NVIDIA NvDLISR;C:\MinGW\bin;C:\Program Files\Java\jdk-19\bin;C:\WINDOWS\system32;C:\WINDOWS;C:\WINDOWS\System32\Wbem;C:\WINDOWS\System32\WindowsPowerShell\v1.0\;C:\WINDOWS\System32\OpenSSH\;C:\Program Files\MySQL\MySQL Shell 8.0\bin\;C:\Users\Damian\AppData\Local\Microsoft\WindowsApps;;C:\Users\Damian\AppData\Local\Programs\Microsoft VS Code\bin
USERNAME=Damian
OS=Windows_NT
PROCESSOR_IDENTIFIER=Intel64 Family 6 Model 141 Stepping 1, GenuineIntel



---------------  S Y S T E M  ---------------

OS:
 Windows 11 , 64 bit Build 22621 (10.0.22621.1344)
OS uptime: 4 days 7:43 hours
Hyper-V role detected

CPU: total 12 (initial active 12) (6 cores per cpu, 2 threads per core) family 6 model 141 stepping 1 microcode 0x40, cx8, cmov, fxsr, ht, mmx, 3dnowpref, sse, sse2, sse3, ssse3, sse4.1, sse4.2, popcnt, lzcnt, tsc, tscinvbit, avx, avx2, aes, erms, clmul, bmi1, bmi2, adx, avx512f, avx512dq, avx512cd, avx512bw, avx512vl, sha, fma, vzeroupper, avx512_vpopcntdq, avx512_vpclmulqdq, avx512_vaes, avx512_vnni, clflush, clflushopt, clwb, avx512_vbmi2, avx512_vbmi, hv

Memory: 4k page, system-wide physical 7829M (493M free)
TotalPageFile size 31381M (AvailPageFile size 38M)
current process WorkingSet (physical memory assigned to process): 11M, peak: 11M
current process commit charge ("private bytes"): 64M, peak: 188M

vm_info: Java HotSpot(TM) 64-Bit Server VM (17.0.6+9-LTS-190) for windows-amd64 JRE (17.0.6+9-LTS-190), built on Dec  6 2022 15:53:54 by "mach5one" with MS VC++ 17.1 (VS2022)

END.
